0 info it worked if it ends with ok
1 verbose cli [ '/usr/bin/nodejs', '/usr/bin/npm', 'install' ]
2 info using npm@1.3.10
3 info using node@v0.10.25
4 warn package.json @ No repository field.
5 verbose readDependencies using package.json deps
6 verbose install where, deps [ '/root/alx-backend-javascript/0x00-ES6_basic',
6 verbose install   [ '@babel/core',
6 verbose install     '@babel/node',
6 verbose install     '@babel/preset-env',
6 verbose install     'eslint',
6 verbose install     'eslint-config-airbnb-base',
6 verbose install     'eslint-plugin-import',
6 verbose install     'eslint-plugin-jest',
6 verbose install     'jest' ] ]
7 info preinstall @
8 verbose readDependencies using package.json deps
9 verbose cache add [ 'eslint@^6.4.0', null ]
10 verbose cache add name=undefined spec="eslint@^6.4.0" args=["eslint@^6.4.0",null]
11 verbose parsed url { protocol: null,
11 verbose parsed url   slashes: null,
11 verbose parsed url   auth: null,
11 verbose parsed url   host: null,
11 verbose parsed url   port: null,
11 verbose parsed url   hostname: null,
11 verbose parsed url   hash: null,
11 verbose parsed url   search: null,
11 verbose parsed url   query: null,
11 verbose parsed url   pathname: 'eslint@^6.4.0',
11 verbose parsed url   path: 'eslint@^6.4.0',
11 verbose parsed url   href: 'eslint@^6.4.0' }
12 verbose cache add name="eslint" spec="^6.4.0" args=["eslint","^6.4.0"]
13 verbose parsed url { protocol: null,
13 verbose parsed url   slashes: null,
13 verbose parsed url   auth: null,
13 verbose parsed url   host: null,
13 verbose parsed url   port: null,
13 verbose parsed url   hostname: null,
13 verbose parsed url   hash: null,
13 verbose parsed url   search: null,
13 verbose parsed url   query: null,
13 verbose parsed url   pathname: '^6.4.0',
13 verbose parsed url   path: '^6.4.0',
13 verbose parsed url   href: '^6.4.0' }
14 verbose addNamed [ 'eslint', '^6.4.0' ]
15 verbose addNamed [ null, '>=6.4.0-0 <7.0.0-0' ]
16 verbose cache add [ '@babel/core@^7.6.0', null ]
17 verbose cache add name=undefined spec="@babel/core@^7.6.0" args=["@babel/core@^7.6.0",null]
18 verbose parsed url { protocol: null,
18 verbose parsed url   slashes: null,
18 verbose parsed url   auth: null,
18 verbose parsed url   host: null,
18 verbose parsed url   port: null,
18 verbose parsed url   hostname: null,
18 verbose parsed url   hash: null,
18 verbose parsed url   search: null,
18 verbose parsed url   query: null,
18 verbose parsed url   pathname: '@babel/core@^7.6.0',
18 verbose parsed url   path: '@babel/core@^7.6.0',
18 verbose parsed url   href: '@babel/core@^7.6.0' }
19 verbose cache add name="" spec="babel/core@^7.6.0" args=["","babel/core@^7.6.0"]
20 verbose parsed url { protocol: null,
20 verbose parsed url   slashes: null,
20 verbose parsed url   auth: null,
20 verbose parsed url   host: null,
20 verbose parsed url   port: null,
20 verbose parsed url   hostname: null,
20 verbose parsed url   hash: null,
20 verbose parsed url   search: null,
20 verbose parsed url   query: null,
20 verbose parsed url   pathname: 'babel/core@^7.6.0',
20 verbose parsed url   path: 'babel/core@^7.6.0',
20 verbose parsed url   href: 'babel/core@^7.6.0' }
21 verbose cache add name="babel/core" spec="^7.6.0" args=["babel/core","^7.6.0"]
22 verbose parsed url { protocol: null,
22 verbose parsed url   slashes: null,
22 verbose parsed url   auth: null,
22 verbose parsed url   host: null,
22 verbose parsed url   port: null,
22 verbose parsed url   hostname: null,
22 verbose parsed url   hash: null,
22 verbose parsed url   search: null,
22 verbose parsed url   query: null,
22 verbose parsed url   pathname: '^7.6.0',
22 verbose parsed url   path: '^7.6.0',
22 verbose parsed url   href: '^7.6.0' }
23 verbose addNamed [ 'babel/core', '^7.6.0' ]
24 verbose addNamed [ null, '>=7.6.0-0 <8.0.0-0' ]
25 verbose cache add [ '@babel/node@^7.8.0', null ]
26 verbose cache add name=undefined spec="@babel/node@^7.8.0" args=["@babel/node@^7.8.0",null]
27 verbose parsed url { protocol: null,
27 verbose parsed url   slashes: null,
27 verbose parsed url   auth: null,
27 verbose parsed url   host: null,
27 verbose parsed url   port: null,
27 verbose parsed url   hostname: null,
27 verbose parsed url   hash: null,
27 verbose parsed url   search: null,
27 verbose parsed url   query: null,
27 verbose parsed url   pathname: '@babel/node@^7.8.0',
27 verbose parsed url   path: '@babel/node@^7.8.0',
27 verbose parsed url   href: '@babel/node@^7.8.0' }
28 verbose cache add name="" spec="babel/node@^7.8.0" args=["","babel/node@^7.8.0"]
29 verbose parsed url { protocol: null,
29 verbose parsed url   slashes: null,
29 verbose parsed url   auth: null,
29 verbose parsed url   host: null,
29 verbose parsed url   port: null,
29 verbose parsed url   hostname: null,
29 verbose parsed url   hash: null,
29 verbose parsed url   search: null,
29 verbose parsed url   query: null,
29 verbose parsed url   pathname: 'babel/node@^7.8.0',
29 verbose parsed url   path: 'babel/node@^7.8.0',
29 verbose parsed url   href: 'babel/node@^7.8.0' }
30 verbose cache add name="babel/node" spec="^7.8.0" args=["babel/node","^7.8.0"]
31 verbose parsed url { protocol: null,
31 verbose parsed url   slashes: null,
31 verbose parsed url   auth: null,
31 verbose parsed url   host: null,
31 verbose parsed url   port: null,
31 verbose parsed url   hostname: null,
31 verbose parsed url   hash: null,
31 verbose parsed url   search: null,
31 verbose parsed url   query: null,
31 verbose parsed url   pathname: '^7.8.0',
31 verbose parsed url   path: '^7.8.0',
31 verbose parsed url   href: '^7.8.0' }
32 verbose addNamed [ 'babel/node', '^7.8.0' ]
33 verbose addNamed [ null, '>=7.8.0-0 <8.0.0-0' ]
34 verbose cache add [ 'eslint-config-airbnb-base@^14.0.0', null ]
35 verbose cache add name=undefined spec="eslint-config-airbnb-base@^14.0.0" args=["eslint-config-airbnb-base@^14.0.0",null]
36 verbose parsed url { protocol: null,
36 verbose parsed url   slashes: null,
36 verbose parsed url   auth: null,
36 verbose parsed url   host: null,
36 verbose parsed url   port: null,
36 verbose parsed url   hostname: null,
36 verbose parsed url   hash: null,
36 verbose parsed url   search: null,
36 verbose parsed url   query: null,
36 verbose parsed url   pathname: 'eslint-config-airbnb-base@^14.0.0',
36 verbose parsed url   path: 'eslint-config-airbnb-base@^14.0.0',
36 verbose parsed url   href: 'eslint-config-airbnb-base@^14.0.0' }
37 verbose cache add name="eslint-config-airbnb-base" spec="^14.0.0" args=["eslint-config-airbnb-base","^14.0.0"]
38 verbose parsed url { protocol: null,
38 verbose parsed url   slashes: null,
38 verbose parsed url   auth: null,
38 verbose parsed url   host: null,
38 verbose parsed url   port: null,
38 verbose parsed url   hostname: null,
38 verbose parsed url   hash: null,
38 verbose parsed url   search: null,
38 verbose parsed url   query: null,
38 verbose parsed url   pathname: '^14.0.0',
38 verbose parsed url   path: '^14.0.0',
38 verbose parsed url   href: '^14.0.0' }
39 verbose addNamed [ 'eslint-config-airbnb-base', '^14.0.0' ]
40 verbose addNamed [ null, '>=14.0.0-0 <15.0.0-0' ]
41 verbose cache add [ '@babel/preset-env@^7.6.0', null ]
42 verbose cache add name=undefined spec="@babel/preset-env@^7.6.0" args=["@babel/preset-env@^7.6.0",null]
43 verbose parsed url { protocol: null,
43 verbose parsed url   slashes: null,
43 verbose parsed url   auth: null,
43 verbose parsed url   host: null,
43 verbose parsed url   port: null,
43 verbose parsed url   hostname: null,
43 verbose parsed url   hash: null,
43 verbose parsed url   search: null,
43 verbose parsed url   query: null,
43 verbose parsed url   pathname: '@babel/preset-env@^7.6.0',
43 verbose parsed url   path: '@babel/preset-env@^7.6.0',
43 verbose parsed url   href: '@babel/preset-env@^7.6.0' }
44 verbose cache add name="" spec="babel/preset-env@^7.6.0" args=["","babel/preset-env@^7.6.0"]
45 verbose parsed url { protocol: null,
45 verbose parsed url   slashes: null,
45 verbose parsed url   auth: null,
45 verbose parsed url   host: null,
45 verbose parsed url   port: null,
45 verbose parsed url   hostname: null,
45 verbose parsed url   hash: null,
45 verbose parsed url   search: null,
45 verbose parsed url   query: null,
45 verbose parsed url   pathname: 'babel/preset-env@^7.6.0',
45 verbose parsed url   path: 'babel/preset-env@^7.6.0',
45 verbose parsed url   href: 'babel/preset-env@^7.6.0' }
46 verbose cache add name="babel/preset-env" spec="^7.6.0" args=["babel/preset-env","^7.6.0"]
47 verbose parsed url { protocol: null,
47 verbose parsed url   slashes: null,
47 verbose parsed url   auth: null,
47 verbose parsed url   host: null,
47 verbose parsed url   port: null,
47 verbose parsed url   hostname: null,
47 verbose parsed url   hash: null,
47 verbose parsed url   search: null,
47 verbose parsed url   query: null,
47 verbose parsed url   pathname: '^7.6.0',
47 verbose parsed url   path: '^7.6.0',
47 verbose parsed url   href: '^7.6.0' }
48 verbose addNamed [ 'babel/preset-env', '^7.6.0' ]
49 verbose addNamed [ null, '>=7.6.0-0 <8.0.0-0' ]
50 verbose cache add [ 'eslint-plugin-import@^2.18.2', null ]
51 verbose cache add name=undefined spec="eslint-plugin-import@^2.18.2" args=["eslint-plugin-import@^2.18.2",null]
52 verbose parsed url { protocol: null,
52 verbose parsed url   slashes: null,
52 verbose parsed url   auth: null,
52 verbose parsed url   host: null,
52 verbose parsed url   port: null,
52 verbose parsed url   hostname: null,
52 verbose parsed url   hash: null,
52 verbose parsed url   search: null,
52 verbose parsed url   query: null,
52 verbose parsed url   pathname: 'eslint-plugin-import@^2.18.2',
52 verbose parsed url   path: 'eslint-plugin-import@^2.18.2',
52 verbose parsed url   href: 'eslint-plugin-import@^2.18.2' }
53 verbose cache add name="eslint-plugin-import" spec="^2.18.2" args=["eslint-plugin-import","^2.18.2"]
54 verbose parsed url { protocol: null,
54 verbose parsed url   slashes: null,
54 verbose parsed url   auth: null,
54 verbose parsed url   host: null,
54 verbose parsed url   port: null,
54 verbose parsed url   hostname: null,
54 verbose parsed url   hash: null,
54 verbose parsed url   search: null,
54 verbose parsed url   query: null,
54 verbose parsed url   pathname: '^2.18.2',
54 verbose parsed url   path: '^2.18.2',
54 verbose parsed url   href: '^2.18.2' }
55 verbose addNamed [ 'eslint-plugin-import', '^2.18.2' ]
56 verbose addNamed [ null, '>=2.18.2-0 <3.0.0-0' ]
57 verbose cache add [ 'eslint-plugin-jest@^22.17.0', null ]
58 verbose cache add name=undefined spec="eslint-plugin-jest@^22.17.0" args=["eslint-plugin-jest@^22.17.0",null]
59 verbose parsed url { protocol: null,
59 verbose parsed url   slashes: null,
59 verbose parsed url   auth: null,
59 verbose parsed url   host: null,
59 verbose parsed url   port: null,
59 verbose parsed url   hostname: null,
59 verbose parsed url   hash: null,
59 verbose parsed url   search: null,
59 verbose parsed url   query: null,
59 verbose parsed url   pathname: 'eslint-plugin-jest@^22.17.0',
59 verbose parsed url   path: 'eslint-plugin-jest@^22.17.0',
59 verbose parsed url   href: 'eslint-plugin-jest@^22.17.0' }
60 verbose cache add name="eslint-plugin-jest" spec="^22.17.0" args=["eslint-plugin-jest","^22.17.0"]
61 verbose parsed url { protocol: null,
61 verbose parsed url   slashes: null,
61 verbose parsed url   auth: null,
61 verbose parsed url   host: null,
61 verbose parsed url   port: null,
61 verbose parsed url   hostname: null,
61 verbose parsed url   hash: null,
61 verbose parsed url   search: null,
61 verbose parsed url   query: null,
61 verbose parsed url   pathname: '^22.17.0',
61 verbose parsed url   path: '^22.17.0',
61 verbose parsed url   href: '^22.17.0' }
62 verbose addNamed [ 'eslint-plugin-jest', '^22.17.0' ]
63 verbose addNamed [ null, '>=22.17.0-0 <23.0.0-0' ]
64 verbose cache add [ 'jest@^24.9.0', null ]
65 verbose cache add name=undefined spec="jest@^24.9.0" args=["jest@^24.9.0",null]
66 verbose parsed url { protocol: null,
66 verbose parsed url   slashes: null,
66 verbose parsed url   auth: null,
66 verbose parsed url   host: null,
66 verbose parsed url   port: null,
66 verbose parsed url   hostname: null,
66 verbose parsed url   hash: null,
66 verbose parsed url   search: null,
66 verbose parsed url   query: null,
66 verbose parsed url   pathname: 'jest@^24.9.0',
66 verbose parsed url   path: 'jest@^24.9.0',
66 verbose parsed url   href: 'jest@^24.9.0' }
67 verbose cache add name="jest" spec="^24.9.0" args=["jest","^24.9.0"]
68 verbose parsed url { protocol: null,
68 verbose parsed url   slashes: null,
68 verbose parsed url   auth: null,
68 verbose parsed url   host: null,
68 verbose parsed url   port: null,
68 verbose parsed url   hostname: null,
68 verbose parsed url   hash: null,
68 verbose parsed url   search: null,
68 verbose parsed url   query: null,
68 verbose parsed url   pathname: '^24.9.0',
68 verbose parsed url   path: '^24.9.0',
68 verbose parsed url   href: '^24.9.0' }
69 verbose addNamed [ 'jest', '^24.9.0' ]
70 verbose addNamed [ null, '>=24.9.0-0 <25.0.0-0' ]
71 silly lockFile 14dcce51-eslint-6-4-0 eslint@^6.4.0
72 verbose lock eslint@^6.4.0 /root/.npm/14dcce51-eslint-6-4-0.lock
73 silly lockFile a4e30b29-babel-core-7-6-0 babel/core@^7.6.0
74 verbose lock babel/core@^7.6.0 /root/.npm/a4e30b29-babel-core-7-6-0.lock
75 silly lockFile 368556b6-babel-node-7-8-0 babel/node@^7.8.0
76 verbose lock babel/node@^7.8.0 /root/.npm/368556b6-babel-node-7-8-0.lock
77 silly lockFile c55c535b-eslint-config-airbnb-base-14-0-0 eslint-config-airbnb-base@^14.0.0
78 verbose lock eslint-config-airbnb-base@^14.0.0 /root/.npm/c55c535b-eslint-config-airbnb-base-14-0-0.lock
79 silly lockFile b947898b-babel-preset-env-7-6-0 babel/preset-env@^7.6.0
80 verbose lock babel/preset-env@^7.6.0 /root/.npm/b947898b-babel-preset-env-7-6-0.lock
81 silly lockFile b83dd719-eslint-plugin-import-2-18-2 eslint-plugin-import@^2.18.2
82 verbose lock eslint-plugin-import@^2.18.2 /root/.npm/b83dd719-eslint-plugin-import-2-18-2.lock
83 silly lockFile d84ab553-eslint-plugin-jest-22-17-0 eslint-plugin-jest@^22.17.0
84 verbose lock eslint-plugin-jest@^22.17.0 /root/.npm/d84ab553-eslint-plugin-jest-22-17-0.lock
85 silly lockFile e35b797d-jest-24-9-0 jest@^24.9.0
86 verbose lock jest@^24.9.0 /root/.npm/e35b797d-jest-24-9-0.lock
87 silly addNameRange { name: 'eslint', range: '>=6.4.0-0 <7.0.0-0', hasData: false }
88 silly addNameRange { name: 'eslint-config-airbnb-base',
88 silly addNameRange   range: '>=14.0.0-0 <15.0.0-0',
88 silly addNameRange   hasData: false }
89 silly addNameRange { name: 'eslint-plugin-import',
89 silly addNameRange   range: '>=2.18.2-0 <3.0.0-0',
89 silly addNameRange   hasData: false }
90 silly addNameRange { name: 'eslint-plugin-jest',
90 silly addNameRange   range: '>=22.17.0-0 <23.0.0-0',
90 silly addNameRange   hasData: false }
91 silly addNameRange { name: 'jest', range: '>=24.9.0-0 <25.0.0-0', hasData: false }
92 silly addNameRange { name: 'babel/core',
92 silly addNameRange   range: '>=7.6.0-0 <8.0.0-0',
92 silly addNameRange   hasData: false }
93 silly addNameRange { name: 'babel/node',
93 silly addNameRange   range: '>=7.8.0-0 <8.0.0-0',
93 silly addNameRange   hasData: false }
94 silly addNameRange { name: 'babel/preset-env',
94 silly addNameRange   range: '>=7.6.0-0 <8.0.0-0',
94 silly addNameRange   hasData: false }
95 verbose url raw eslint-config-airbnb-base
96 verbose url resolving [ 'https://registry.npmjs.org/', './eslint-config-airbnb-base' ]
97 verbose url resolved https://registry.npmjs.org/eslint-config-airbnb-base
98 info trying registry request attempt 1 at 17:05:24
99 verbose etag "65d6855607fe444c66c1ca44c1a0b02e"
100 http GET https://registry.npmjs.org/eslint-config-airbnb-base
101 verbose url raw eslint
102 verbose url resolving [ 'https://registry.npmjs.org/', './eslint' ]
103 verbose url resolved https://registry.npmjs.org/eslint
104 info trying registry request attempt 1 at 17:05:25
105 verbose etag "7a452d42d8f7a795acff18239619a8d5"
106 http GET https://registry.npmjs.org/eslint
107 verbose url raw eslint-plugin-import
108 verbose url resolving [ 'https://registry.npmjs.org/', './eslint-plugin-import' ]
109 verbose url resolved https://registry.npmjs.org/eslint-plugin-import
110 info trying registry request attempt 1 at 17:05:26
111 verbose etag "59ec1704e7009eac45e19042249e642b"
112 http GET https://registry.npmjs.org/eslint-plugin-import
113 verbose url raw eslint-plugin-jest
114 verbose url resolving [ 'https://registry.npmjs.org/', './eslint-plugin-jest' ]
115 verbose url resolved https://registry.npmjs.org/eslint-plugin-jest
116 info trying registry request attempt 1 at 17:05:27
117 verbose etag "62710e6e1a8dea4c379350aec059650b"
118 http GET https://registry.npmjs.org/eslint-plugin-jest
119 verbose url raw jest
120 verbose url resolving [ 'https://registry.npmjs.org/', './jest' ]
121 verbose url resolved https://registry.npmjs.org/jest
122 info trying registry request attempt 1 at 17:05:27
123 verbose etag "7a15c2acff8a570715af76e88c177aea"
124 http GET https://registry.npmjs.org/jest
125 verbose url raw babel/core
126 verbose url resolving [ 'https://registry.npmjs.org/', './babel/core' ]
127 verbose url resolved https://registry.npmjs.org/babel/core
128 info trying registry request attempt 1 at 17:05:28
129 http GET https://registry.npmjs.org/babel/core
130 verbose url raw babel/node
131 verbose url resolving [ 'https://registry.npmjs.org/', './babel/node' ]
132 verbose url resolved https://registry.npmjs.org/babel/node
133 info trying registry request attempt 1 at 17:05:28
134 http GET https://registry.npmjs.org/babel/node
135 verbose url raw babel/preset-env
136 verbose url resolving [ 'https://registry.npmjs.org/', './babel/preset-env' ]
137 verbose url resolved https://registry.npmjs.org/babel/preset-env
138 info trying registry request attempt 1 at 17:05:28
139 http GET https://registry.npmjs.org/babel/preset-env
140 http 304 https://registry.npmjs.org/eslint-plugin-jest
141 silly registry.get cb [ 304,
141 silly registry.get   { date: 'Sun, 06 Oct 2024 17:05:28 GMT',
141 silly registry.get     connection: 'keep-alive',
141 silly registry.get     'cf-ray': '8ce73c890e73c98f-IAD',
141 silly registry.get     'cf-cache-status': 'HIT',
141 silly registry.get     'access-control-allow-origin': '*',
141 silly registry.get     age: '100',
141 silly registry.get     'cache-control': 'public, max-age=300',
141 silly registry.get     etag: '"62710e6e1a8dea4c379350aec059650b"',
141 silly registry.get     'last-modified': 'Wed, 04 Sep 2024 19:20:00 GMT',
141 silly registry.get     vary: 'Accept-Encoding',
141 silly registry.get     server: 'cloudflare' } ]
142 verbose etag eslint-plugin-jest from cache
143 http 304 https://registry.npmjs.org/eslint-config-airbnb-base
144 silly registry.get cb [ 304,
144 silly registry.get   { date: 'Sun, 06 Oct 2024 17:05:28 GMT',
144 silly registry.get     connection: 'keep-alive',
144 silly registry.get     'cf-ray': '8ce73c890a3320d2-IAD',
144 silly registry.get     'cf-cache-status': 'HIT',
144 silly registry.get     'access-control-allow-origin': '*',
144 silly registry.get     age: '196',
144 silly registry.get     'cache-control': 'public, max-age=300',
144 silly registry.get     etag: '"65d6855607fe444c66c1ca44c1a0b02e"',
144 silly registry.get     'last-modified': 'Tue, 18 Jun 2024 18:32:09 GMT',
144 silly registry.get     vary: 'Accept-Encoding',
144 silly registry.get     server: 'cloudflare' } ]
145 verbose etag eslint-config-airbnb-base from cache
146 http 304 https://registry.npmjs.org/eslint
147 silly registry.get cb [ 304,
147 silly registry.get   { date: 'Sun, 06 Oct 2024 17:05:28 GMT',
147 silly registry.get     connection: 'keep-alive',
147 silly registry.get     'cf-ray': '8ce73c89095f083a-IAD',
147 silly registry.get     'cf-cache-status': 'HIT',
147 silly registry.get     'access-control-allow-origin': '*',
147 silly registry.get     age: '244',
147 silly registry.get     'cache-control': 'public, max-age=300',
147 silly registry.get     etag: '"7a452d42d8f7a795acff18239619a8d5"',
147 silly registry.get     'last-modified': 'Sat, 05 Oct 2024 14:20:24 GMT',
147 silly registry.get     vary: 'Accept-Encoding',
147 silly registry.get     server: 'cloudflare' } ]
148 verbose etag eslint from cache
149 http 304 https://registry.npmjs.org/eslint-plugin-import
150 silly registry.get cb [ 304,
150 silly registry.get   { date: 'Sun, 06 Oct 2024 17:05:28 GMT',
150 silly registry.get     connection: 'keep-alive',
150 silly registry.get     'cf-ray': '8ce73c890a867ff9-IAD',
150 silly registry.get     'cf-cache-status': 'HIT',
150 silly registry.get     'access-control-allow-origin': '*',
150 silly registry.get     age: '47',
150 silly registry.get     'cache-control': 'public, max-age=300',
150 silly registry.get     etag: '"59ec1704e7009eac45e19042249e642b"',
150 silly registry.get     'last-modified': 'Thu, 03 Oct 2024 10:28:54 GMT',
150 silly registry.get     vary: 'Accept-Encoding',
150 silly registry.get     server: 'cloudflare' } ]
151 verbose etag eslint-plugin-import from cache
152 http 304 https://registry.npmjs.org/jest
153 silly registry.get cb [ 304,
153 silly registry.get   { date: 'Sun, 06 Oct 2024 17:05:28 GMT',
153 silly registry.get     connection: 'keep-alive',
153 silly registry.get     'cf-ray': '8ce73c89aacc05c1-IAD',
153 silly registry.get     'cf-cache-status': 'HIT',
153 silly registry.get     'access-control-allow-origin': '*',
153 silly registry.get     age: '261',
153 silly registry.get     'cache-control': 'public, max-age=300',
153 silly registry.get     etag: '"7a15c2acff8a570715af76e88c177aea"',
153 silly registry.get     'last-modified': 'Mon, 23 Sep 2024 07:28:11 GMT',
153 silly registry.get     vary: 'Accept-Encoding',
153 silly registry.get     server: 'cloudflare' } ]
154 verbose etag jest from cache
155 http 404 https://registry.npmjs.org/babel/core
156 silly registry.get cb [ 404,
156 silly registry.get   { date: 'Sun, 06 Oct 2024 17:05:28 GMT',
156 silly registry.get     'content-type': 'application/json',
156 silly registry.get     'content-length': '25',
156 silly registry.get     connection: 'keep-alive',
156 silly registry.get     'cf-ray': '8ce73c89a877c98f-IAD',
156 silly registry.get     'access-control-allow-origin': '*',
156 silly registry.get     server: 'cloudflare' } ]
157 http 404 https://registry.npmjs.org/babel/node
158 silly registry.get cb [ 404,
158 silly registry.get   { date: 'Sun, 06 Oct 2024 17:05:28 GMT',
158 silly registry.get     'content-type': 'application/json',
158 silly registry.get     'content-length': '25',
158 silly registry.get     connection: 'keep-alive',
158 silly registry.get     'cf-ray': '8ce73c8a3b5d20d2-IAD',
158 silly registry.get     'access-control-allow-origin': '*',
158 silly registry.get     server: 'cloudflare' } ]
159 http 404 https://registry.npmjs.org/babel/preset-env
160 silly registry.get cb [ 404,
160 silly registry.get   { date: 'Sun, 06 Oct 2024 17:05:28 GMT',
160 silly registry.get     'content-type': 'application/json',
160 silly registry.get     'content-length': '31',
160 silly registry.get     connection: 'keep-alive',
160 silly registry.get     'cf-ray': '8ce73c8a4b22083a-IAD',
160 silly registry.get     'access-control-allow-origin': '*',
160 silly registry.get     server: 'cloudflare' } ]
161 silly addNameRange number 2 { name: 'eslint-plugin-jest',
161 silly addNameRange   range: '>=22.17.0-0 <23.0.0-0',
161 silly addNameRange   hasData: true }
162 silly addNameRange versions [ 'eslint-plugin-jest',
162 silly addNameRange   [ '1.0.0',
162 silly addNameRange     '1.0.1',
162 silly addNameRange     '1.0.2',
162 silly addNameRange     '18.5.0-alpha.7da3df39',
162 silly addNameRange     '19.0.0',
162 silly addNameRange     '19.0.1',
162 silly addNameRange     '19.1.0-alpha.eed82034',
162 silly addNameRange     '19.2.0-alpha.993e64af',
162 silly addNameRange     '19.3.0-alpha.85402254',
162 silly addNameRange     '20.0.0',
162 silly addNameRange     '20.0.1',
162 silly addNameRange     '20.0.2',
162 silly addNameRange     '20.0.3',
162 silly addNameRange     '20.1.0-alpha.1',
162 silly addNameRange     '20.1.0-alpha.2',
162 silly addNameRange     '20.1.0-alpha.3',
162 silly addNameRange     '20.1.0-beta.1',
162 silly addNameRange     '20.1.0-chi.1',
162 silly addNameRange     '20.1.0-delta.1',
162 silly addNameRange     '20.1.0-delta.2',
162 silly addNameRange     '20.1.0-delta.3',
162 silly addNameRange     '20.1.0-delta.4',
162 silly addNameRange     '20.1.0-delta.5',
162 silly addNameRange     '20.1.0-echo.1',
162 silly addNameRange     '21.0.0-alpha.1',
162 silly addNameRange     '21.0.0-alpha.2',
162 silly addNameRange     '21.0.0-beta.1',
162 silly addNameRange     '21.0.0',
162 silly addNameRange     '21.0.2',
162 silly addNameRange     '21.1.0',
162 silly addNameRange     '21.2.0',
162 silly addNameRange     '21.3.0-alpha.1e3ee68e',
162 silly addNameRange     '21.3.0-alpha.eff7a1cf',
162 silly addNameRange     '21.3.0-beta.3',
162 silly addNameRange     '21.3.0-beta.4',
162 silly addNameRange     '21.3.0-beta.5',
162 silly addNameRange     '21.3.0-beta.6',
162 silly addNameRange     '21.3.0-beta.7',
162 silly addNameRange     '21.3.0-beta.8',
162 silly addNameRange     '21.3.0',
162 silly addNameRange     '21.3.1',
162 silly addNameRange     '21.3.2',
162 silly addNameRange     '21.4.0',
162 silly addNameRange     '21.4.1',
162 silly addNameRange     '21.4.2',
162 silly addNameRange     '21.4.3',
162 silly addNameRange     '21.5.0',
162 silly addNameRange     '21.6.0',
162 silly addNameRange     '21.6.1',
162 silly addNameRange     '21.6.2',
162 silly addNameRange     '21.7.0',
162 silly addNameRange     '21.7.1',
162 silly addNameRange     '21.8.0',
162 silly addNameRange     '21.9.0',
162 silly addNameRange     '21.10.0',
162 silly addNameRange     '21.11.0',
162 silly addNameRange     '21.12.0',
162 silly addNameRange     '21.12.1',
162 silly addNameRange     '21.12.2',
162 silly addNameRange     '21.12.3',
162 silly addNameRange     '21.13.0',
162 silly addNameRange     '21.14.0',
162 silly addNameRange     '21.14.1',
162 silly addNameRange     '21.15.0',
162 silly addNameRange     '21.15.1',
162 silly addNameRange     '21.15.2',
162 silly addNameRange     '21.15.3',
162 silly addNameRange     '21.16.0',
162 silly addNameRange     '21.16.1',
162 silly addNameRange     '21.17.0',
162 silly addNameRange     '21.18.0',
162 silly addNameRange     '21.19.0',
162 silly addNameRange     '21.20.0',
162 silly addNameRange     '21.20.1',
162 silly addNameRange     '21.20.2',
162 silly addNameRange     '21.21.0',
162 silly addNameRange     '21.22.0',
162 silly addNameRange     '21.22.1',
162 silly addNameRange     '21.23.0',
162 silly addNameRange     '21.24.0',
162 silly addNameRange     '21.24.1',
162 silly addNameRange     '21.24.2',
162 silly addNameRange     '21.25.0',
162 silly addNameRange     '21.25.1',
162 silly addNameRange     '21.26.0',
162 silly addNameRange     '21.26.1',
162 silly addNameRange     '21.26.2',
162 silly addNameRange     '21.27.0',
162 silly addNameRange     '21.27.1',
162 silly addNameRange     '21.27.2',
162 silly addNameRange     '22.0.0',
162 silly addNameRange     '22.0.1',
162 silly addNameRange     '22.1.0',
162 silly addNameRange     '22.1.1',
162 silly addNameRange     '22.1.2',
162 silly addNameRange     '22.1.3',
162 silly addNameRange     '22.2.0',
162 silly addNameRange     '22.2.1',
162 silly addNameRange     '22.2.2',
162 silly addNameRange     '22.3.0',
162 silly addNameRange     '22.3.1',
162 silly addNameRange     '22.3.2',
162 silly addNameRange     '22.4.0',
162 silly addNameRange     '22.4.1',
162 silly addNameRange     '22.5.0',
162 silly addNameRange     '22.5.1',
162 silly addNameRange     '22.6.0',
162 silly addNameRange     '22.6.1',
162 silly addNameRange     '22.6.2',
162 silly addNameRange     '22.6.3',
162 silly addNameRange     '22.6.4',
162 silly addNameRange     '22.7.0',
162 silly addNameRange     '22.7.1',
162 silly addNameRange     '22.7.2',
162 silly addNameRange     '22.8.0',
162 silly addNameRange     '22.9.0',
162 silly addNameRange     '22.10.0',
162 silly addNameRange     '22.11.0',
162 silly addNameRange     '22.11.1',
162 silly addNameRange     '22.12.0',
162 silly addNameRange     '22.13.0',
162 silly addNameRange     '22.13.1',
162 silly addNameRange     '22.13.2',
162 silly addNameRange     '22.13.3',
162 silly addNameRange     '22.13.4',
162 silly addNameRange     '22.13.5',
162 silly addNameRange     '22.13.6',
162 silly addNameRange     '22.13.7',
162 silly addNameRange     '22.14.0',
162 silly addNameRange     '22.14.1',
162 silly addNameRange     '22.15.0',
162 silly addNameRange     '22.15.1',
162 silly addNameRange     '22.15.2',
162 silly addNameRange     '22.16.0',
162 silly addNameRange     '22.17.0',
162 silly addNameRange     '22.18.0',
162 silly addNameRange     '22.19.0',
162 silly addNameRange     '22.20.0',
162 silly addNameRange     '22.20.1',
162 silly addNameRange     '22.21.0',
162 silly addNameRange     '23.0.0',
162 silly addNameRange     '23.0.1',
162 silly addNameRange     '23.0.2',
162 silly addNameRange     '23.0.3',
162 silly addNameRange     '23.0.4',
162 silly addNameRange     '23.0.5',
162 silly addNameRange     '23.1.0',
162 silly addNameRange     '23.1.1',
162 silly addNameRange     '23.2.0',
162 silly addNameRange     '23.3.0',
162 silly addNameRange     '23.4.0',
162 silly addNameRange     '23.5.0',
162 silly addNameRange     '23.6.0',
162 silly addNameRange     '23.7.0',
162 silly addNameRange     '23.8.0',
162 silly addNameRange     '23.8.1',
162 silly addNameRange     '23.8.2',
162 silly addNameRange     '23.9.0',
162 silly addNameRange     '23.10.0',
162 silly addNameRange     '23.11.0',
162 silly addNameRange     '23.12.0',
162 silly addNameRange     '23.13.0',
162 silly addNameRange     '23.13.1',
162 silly addNameRange     '23.13.2',
162 silly addNameRange     '23.14.0',
162 silly addNameRange     '23.15.0',
162 silly addNameRange     '23.16.0',
162 silly addNameRange     '23.17.0',
162 silly addNameRange     '23.17.1',
162 silly addNameRange     '23.18.0',
162 silly addNameRange     '23.18.1',
162 silly addNameRange     '23.18.2',
162 silly addNameRange     '23.19.0',
162 silly addNameRange     '23.20.0',
162 silly addNameRange     '24.0.0',
162 silly addNameRange     '24.0.1',
162 silly addNameRange     '24.0.2',
162 silly addNameRange     '24.1.0',
162 silly addNameRange     '24.1.1',
162 silly addNameRange     '24.1.2',
162 silly addNameRange     '24.1.3',
162 silly addNameRange     '24.1.4',
162 silly addNameRange     '24.1.5',
162 silly addNameRange     '24.1.6',
162 silly addNameRange     '24.1.7',
162 silly addNameRange     '24.1.8',
162 silly addNameRange     '24.1.9',
162 silly addNameRange     '24.1.10',
162 silly addNameRange     '24.2.0',
162 silly addNameRange     '24.2.1',
162 silly addNameRange     '24.3.0',
162 silly addNameRange     '24.3.1',
162 silly addNameRange     '24.3.2',
162 silly addNameRange     '24.3.3',
162 silly addNameRange     '24.3.4',
162 silly addNameRange     '24.3.5',
162 silly addNameRange     '24.3.6',
162 silly addNameRange     '24.3.7',
162 silly addNameRange     '24.4.0',
162 silly addNameRange     '25.0.0-next.1',
162 silly addNameRange     '25.0.0-next.2',
162 silly addNameRange     '24.4.1',
162 silly addNameRange     '25.0.0-next.3',
162 silly addNameRange     '24.4.2',
162 silly addNameRange     '25.0.0-next.4',
162 silly addNameRange     '24.4.3',
162 silly addNameRange     '24.5.0',
162 silly addNameRange     '25.0.0-next.5',
162 silly addNameRange     '24.5.1',
162 silly addNameRange     '24.5.2',
162 silly addNameRange     '24.6.0',
162 silly addNameRange     '24.7.0',
162 silly addNameRange     '25.0.0-next.6',
162 silly addNameRange     '25.0.0-next.7',
162 silly addNameRange     '25.0.0',
162 silly addNameRange     '25.0.1',
162 silly addNameRange     '25.0.2',
162 silly addNameRange     '25.0.3',
162 silly addNameRange     '25.0.4',
162 silly addNameRange     '25.0.5',
162 silly addNameRange     '25.0.6',
162 silly addNameRange     '25.1.0',
162 silly addNameRange     '25.2.0',
162 silly addNameRange     '25.2.1',
162 silly addNameRange     '25.2.2',
162 silly addNameRange     '25.2.3',
162 silly addNameRange     '25.2.4',
162 silly addNameRange     '25.3.0',
162 silly addNameRange     '25.3.1',
162 silly addNameRange     '25.3.2',
162 silly addNameRange     '25.3.3',
162 silly addNameRange     '25.3.4',
162 silly addNameRange     '25.4.0',
162 silly addNameRange     '25.5.0',
162 silly addNameRange     '25.6.0',
162 silly addNameRange     '25.7.0',
162 silly addNameRange     '26.0.0',
162 silly addNameRange     '26.1.0-next.1',
162 silly addNameRange     '26.1.0-next.2',
162 silly addNameRange     '26.1.0',
162 silly addNameRange     '26.1.1',
162 silly addNameRange     '26.1.2',
162 silly addNameRange     '26.1.3',
162 silly addNameRange     '26.1.4',
162 silly addNameRange     '26.1.5',
162 silly addNameRange     '26.2.0',
162 silly addNameRange     '26.2.1',
162 silly addNameRange     '26.2.2',
162 silly addNameRange     '26.3.0',
162 silly addNameRange     '26.4.0',
162 silly addNameRange     '26.4.1',
162 silly addNameRange     '26.4.2',
162 silly addNameRange     '26.4.3',
162 silly addNameRange     '26.4.4',
162 silly addNameRange     '26.4.5',
162 silly addNameRange     '26.4.6',
162 silly addNameRange     '26.4.7',
162 silly addNameRange     '26.5.0',
162 silly addNameRange     '26.5.1',
162 silly addNameRange     '26.5.2',
162 silly addNameRange     '26.5.3',
162 silly addNameRange     '26.6.0',
162 silly addNameRange     '26.7.0',
162 silly addNameRange     '26.8.0',
162 silly addNameRange     '26.8.1',
162 silly addNameRange     '26.8.2',
162 silly addNameRange     '26.8.3',
162 silly addNameRange     '26.8.4',
162 silly addNameRange     '26.8.5',
162 silly addNameRange     '26.8.6',
162 silly addNameRange     '26.8.7',
162 silly addNameRange     '27.0.0-next.1',
162 silly addNameRange     '26.9.0',
162 silly addNameRange     '27.0.0-next.2',
162 silly addNameRange     '27.0.0',
162 silly addNameRange     '27.0.1',
162 silly addNameRange     '27.0.2',
162 silly addNameRange     '27.0.3',
162 silly addNameRange     '27.0.4',
162 silly addNameRange     '27.1.0',
162 silly addNameRange     '27.1.1',
162 silly addNameRange     '27.1.2',
162 silly addNameRange     '27.1.3',
162 silly addNameRange     '27.1.4',
162 silly addNameRange     '27.1.5',
162 silly addNameRange     '27.1.6',
162 silly addNameRange     '27.1.7',
162 silly addNameRange     '27.2.0',
162 silly addNameRange     '27.2.1',
162 silly addNameRange     '27.2.2',
162 silly addNameRange     '27.2.3',
162 silly addNameRange     '27.3.0',
162 silly addNameRange     '27.4.0',
162 silly addNameRange     '27.4.1',
162 silly addNameRange     '27.4.2',
162 silly addNameRange     '27.4.3',
162 silly addNameRange     '27.5.0',
162 silly addNameRange     '27.6.0',
162 silly addNameRange     '27.6.1',
162 silly addNameRange     '27.6.2',
162 silly addNameRange     '27.6.3',
162 silly addNameRange     '27.7.0',
162 silly addNameRange     '27.8.0',
162 silly addNameRange     '27.8.0-next.1',
162 silly addNameRange     '27.9.0',
162 silly addNameRange     '28.0.0-next.1',
162 silly addNameRange     '28.0.0-next.2',
162 silly addNameRange     '28.0.0-next.3',
162 silly addNameRange     '28.0.0-next.4',
162 silly addNameRange     '28.0.0-next.5',
162 silly addNameRange     '28.0.0-next.6',
162 silly addNameRange     '28.0.0-next.7',
162 silly addNameRange     '28.0.0',
162 silly addNameRange     '28.1.0',
162 silly addNameRange     '28.1.1',
162 silly addNameRange     '28.2.0',
162 silly addNameRange     '28.3.0',
162 silly addNameRange     '28.4.0',
162 silly addNameRange     '28.5.0',
162 silly addNameRange     '28.6.0',
162 silly addNameRange     '28.7.0',
162 silly addNameRange     '28.8.0',
162 silly addNameRange     '28.8.1',
162 silly addNameRange     '28.8.2',
162 silly addNameRange     '28.8.3' ] ]
163 verbose addNamed [ 'eslint-plugin-jest', '22.21.0' ]
164 verbose addNamed [ '22.21.0', '22.21.0' ]
165 silly lockFile 9fc86199-eslint-plugin-jest-22-21-0 eslint-plugin-jest@22.21.0
166 verbose lock eslint-plugin-jest@22.21.0 /root/.npm/9fc86199-eslint-plugin-jest-22-21-0.lock
167 silly addNameRange number 2 { name: 'eslint-config-airbnb-base',
167 silly addNameRange   range: '>=14.0.0-0 <15.0.0-0',
167 silly addNameRange   hasData: true }
168 silly addNameRange versions [ 'eslint-config-airbnb-base',
168 silly addNameRange   [ '1.0.0',
168 silly addNameRange     '1.0.1',
168 silly addNameRange     '1.0.2',
168 silly addNameRange     '1.0.3',
168 silly addNameRange     '1.0.4',
168 silly addNameRange     '2.0.0',
168 silly addNameRange     '3.0.0',
168 silly addNameRange     '3.0.1',
168 silly addNameRange     '4.0.0',
168 silly addNameRange     '4.0.2',
168 silly addNameRange     '5.0.0',
168 silly addNameRange     '5.0.1',
168 silly addNameRange     '5.0.2',
168 silly addNameRange     '5.0.3',
168 silly addNameRange     '6.0.0',
168 silly addNameRange     '7.0.0',
168 silly addNameRange     '7.0.1',
168 silly addNameRange     '7.1.0',
168 silly addNameRange     '7.2.0',
168 silly addNameRange     '8.0.0',
168 silly addNameRange     '9.0.0',
168 silly addNameRange     '10.0.0',
168 silly addNameRange     '10.0.1',
168 silly addNameRange     '11.0.0',
168 silly addNameRange     '11.0.1',
168 silly addNameRange     '11.1.0',
168 silly addNameRange     '11.1.1',
168 silly addNameRange     '11.1.2',
168 silly addNameRange     '11.1.3',
168 silly addNameRange     '11.2.0',
168 silly addNameRange     '11.3.0',
168 silly addNameRange     '11.3.1',
168 silly addNameRange     '11.3.2',
168 silly addNameRange     '12.0.0',
168 silly addNameRange     '12.0.1',
168 silly addNameRange     '12.0.2',
168 silly addNameRange     '12.1.0',
168 silly addNameRange     '13.0.0',
168 silly addNameRange     '13.1.0',
168 silly addNameRange     '13.2.0',
168 silly addNameRange     '14.0.0',
168 silly addNameRange     '14.1.0',
168 silly addNameRange     '14.2.0',
168 silly addNameRange     '14.2.1',
168 silly addNameRange     '15.0.0' ] ]
169 verbose addNamed [ 'eslint-config-airbnb-base', '14.2.1' ]
170 verbose addNamed [ '14.2.1', '14.2.1' ]
171 silly lockFile f8cc6f1d-eslint-config-airbnb-base-14-2-1 eslint-config-airbnb-base@14.2.1
172 verbose lock eslint-config-airbnb-base@14.2.1 /root/.npm/f8cc6f1d-eslint-config-airbnb-base-14-2-1.lock
173 silly addNameRange number 2 { name: 'eslint-plugin-import',
173 silly addNameRange   range: '>=2.18.2-0 <3.0.0-0',
173 silly addNameRange   hasData: true }
174 silly addNameRange versions [ 'eslint-plugin-import',
174 silly addNameRange   [ '0.3.0',
174 silly addNameRange     '0.3.2',
174 silly addNameRange     '0.3.3',
174 silly addNameRange     '0.3.4',
174 silly addNameRange     '0.3.5',
174 silly addNameRange     '0.3.6',
174 silly addNameRange     '0.3.8',
174 silly addNameRange     '0.3.9',
174 silly addNameRange     '0.3.10',
174 silly addNameRange     '0.3.11',
174 silly addNameRange     '0.3.12',
174 silly addNameRange     '0.3.13',
174 silly addNameRange     '0.4.0',
174 silly addNameRange     '0.4.1',
174 silly addNameRange     '0.4.2',
174 silly addNameRange     '0.4.3',
174 silly addNameRange     '0.4.4',
174 silly addNameRange     '0.4.5',
174 silly addNameRange     '0.5.1',
174 silly addNameRange     '0.5.2',
174 silly addNameRange     '0.6.0',
174 silly addNameRange     '0.7.0',
174 silly addNameRange     '0.7.1',
174 silly addNameRange     '0.7.2',
174 silly addNameRange     '0.7.3',
174 silly addNameRange     '0.7.4',
174 silly addNameRange     '0.7.5',
174 silly addNameRange     '0.7.7',
174 silly addNameRange     '0.7.8',
174 silly addNameRange     '0.7.9',
174 silly addNameRange     '0.8.0',
174 silly addNameRange     '0.8.1',
174 silly addNameRange     '0.9.1',
174 silly addNameRange     '0.10.0',
174 silly addNameRange     '0.10.1',
174 silly addNameRange     '0.11.0',
174 silly addNameRange     '0.12.0',
174 silly addNameRange     '0.12.1',
174 silly addNameRange     '0.13.0',
174 silly addNameRange     '1.0.0-beta.0',
174 silly addNameRange     '1.0.0',
174 silly addNameRange     '1.0.1',
174 silly addNameRange     '1.0.2',
174 silly addNameRange     '1.0.3',
174 silly addNameRange     '1.0.4',
174 silly addNameRange     '1.1.0',
174 silly addNameRange     '1.2.0',
174 silly addNameRange     '1.3.0',
174 silly addNameRange     '1.4.0',
174 silly addNameRange     '1.5.0',
174 silly addNameRange     '1.6.0',
174 silly addNameRange     '1.6.1',
174 silly addNameRange     '1.7.0',
174 silly addNameRange     '1.8.0',
174 silly addNameRange     '1.8.1',
174 silly addNameRange     '1.9.0',
174 silly addNameRange     '1.9.1',
174 silly addNameRange     '1.9.2',
174 silly addNameRange     '1.10.0',
174 silly addNameRange     '1.10.2',
174 silly addNameRange     '1.10.3',
174 silly addNameRange     '1.11.0',
174 silly addNameRange     '1.11.1',
174 silly addNameRange     '1.12.0',
174 silly addNameRange     '1.13.0',
174 silly addNameRange     '1.14.0',
174 silly addNameRange     '1.15.0',
174 silly addNameRange     '1.16.0',
174 silly addNameRange     '2.0.0-beta.0',
174 silly addNameRange     '2.0.0-beta.1',
174 silly addNameRange     '2.0.0',
174 silly addNameRange     '2.0.1',
174 silly addNameRange     '2.1.0',
174 silly addNameRange     '2.2.0',
174 silly addNameRange     '2.3.0',
174 silly addNameRange     '2.5.0',
174 silly addNameRange     '2.6.0',
174 silly addNameRange     '2.6.1',
174 silly addNameRange     '2.7.0',
174 silly addNameRange     '2.8.0',
174 silly addNameRange     '2.9.0',
174 silly addNameRange     '2.10.0',
174 silly addNameRange     '2.11.0',
174 silly addNameRange     '2.12.0',
174 silly addNameRange     '2.13.0',
174 silly addNameRange     '2.14.0',
174 silly addNameRange     '2.15.0',
174 silly addNameRange     '2.16.0',
174 silly addNameRange     '2.17.0',
174 silly addNameRange     '2.17.1',
174 silly addNameRange     '2.17.2',
174 silly addNameRange     '2.17.3',
174 silly addNameRange     '2.18.0',
174 silly addNameRange     '2.18.1',
174 silly addNameRange     '2.18.2',
174 silly addNameRange     '2.19.0',
174 silly addNameRange     '2.19.1',
174 silly addNameRange     '2.20.0',
174 silly addNameRange     '2.20.1',
174 silly addNameRange     '2.20.2',
174 silly addNameRange     '2.21.0',
174 silly addNameRange     '2.21.1',
174 silly addNameRange     '2.21.2',
174 silly addNameRange     '2.22.0',
174 silly addNameRange     '2.22.1',
174 silly addNameRange     '2.23.0',
174 silly addNameRange     '2.23.1',
174 silly addNameRange     '2.23.2',
174 silly addNameRange     '2.23.3',
174 silly addNameRange     '2.23.4',
174 silly addNameRange     '2.24.0',
174 silly addNameRange     '2.24.1',
174 silly addNameRange     '2.24.2',
174 silly addNameRange     '2.25.0',
174 silly addNameRange     '2.25.1',
174 silly addNameRange     '2.25.2',
174 silly addNameRange     '2.25.3',
174 silly addNameRange     '2.25.4',
174 silly addNameRange     '2.26.0',
174 silly addNameRange     '2.27.0',
174 silly addNameRange     '2.27.1',
174 silly addNameRange     '2.27.2',
174 silly addNameRange     '2.27.3',
174 silly addNameRange     '2.27.4',
174 silly addNameRange     '2.27.5',
174 silly addNameRange     '2.28.0',
174 silly addNameRange     '2.28.1',
174 silly addNameRange     '2.29.0',
174 silly addNameRange     '2.29.1',
174 silly addNameRange     '2.30.0',
174 silly addNameRange     '2.31.0' ] ]
175 verbose addNamed [ 'eslint-plugin-import', '2.31.0' ]
176 verbose addNamed [ '2.31.0', '2.31.0' ]
177 silly lockFile ac1acb19-eslint-plugin-import-2-31-0 eslint-plugin-import@2.31.0
178 verbose lock eslint-plugin-import@2.31.0 /root/.npm/ac1acb19-eslint-plugin-import-2-31-0.lock
179 silly addNameRange number 2 { name: 'jest', range: '>=24.9.0-0 <25.0.0-0', hasData: true }
180 silly addNameRange versions [ 'jest',
180 silly addNameRange   [ '0.0.6',
180 silly addNameRange     '0.0.7',
180 silly addNameRange     '0.0.61',
180 silly addNameRange     '0.0.71',
180 silly addNameRange     '0.0.72',
180 silly addNameRange     '0.0.73',
180 silly addNameRange     '0.0.74',
180 silly addNameRange     '0.0.75',
180 silly addNameRange     '0.0.80',
180 silly addNameRange     '0.0.81',
180 silly addNameRange     '0.0.76',
180 silly addNameRange     '0.0.78',
180 silly addNameRange     '0.0.79',
180 silly addNameRange     '0.0.82',
180 silly addNameRange     '0.0.83',
180 silly addNameRange     '0.0.84',
180 silly addNameRange     '0.0.85',
180 silly addNameRange     '0.0.86',
180 silly addNameRange     '0.0.87',
180 silly addNameRange     '0.0.88',
180 silly addNameRange     '0.0.89',
180 silly addNameRange     '0.0.90',
180 silly addNameRange     '0.0.91',
180 silly addNameRange     '0.0.92',
180 silly addNameRange     '0.0.93',
180 silly addNameRange     '0.0.94',
180 silly addNameRange     '0.0.95',
180 silly addNameRange     '0.0.96',
180 silly addNameRange     '0.0.97',
180 silly addNameRange     '0.0.98',
180 silly addNameRange     '0.0.99',
180 silly addNameRange     '0.1.0',
180 silly addNameRange     '0.1.1',
180 silly addNameRange     '0.1.2',
180 silly addNameRange     '0.1.21',
180 silly addNameRange     '0.1.22',
180 silly addNameRange     '0.1.30',
180 silly addNameRange     '0.1.31',
180 silly addNameRange     '0.1.32',
180 silly addNameRange     '0.1.33',
180 silly addNameRange     '0.1.34',
180 silly addNameRange     '0.1.35',
180 silly addNameRange     '0.1.37',
180 silly addNameRange     '0.1.39',
180 silly addNameRange     '0.1.40',
180 silly addNameRange     '12.1.0',
180 silly addNameRange     '12.1.0-alpha1',
180 silly addNameRange     '12.1.1',
180 silly addNameRange     '12.1.1-alpha.2935e14d',
180 silly addNameRange     '12.1.2-alpha.a482b15c',
180 silly addNameRange     '12.1.2-alpha.6230044c',
180 silly addNameRange     '12.1.3-alpha.6230044c',
180 silly addNameRange     '12.1.4-alpha.a737c6e5',
180 silly addNameRange     '12.1.5-alpha.b5322422',
180 silly addNameRange     '13.0.0',
180 silly addNameRange     '13.1.0',
180 silly addNameRange     '13.1.1',
180 silly addNameRange     '13.1.2',
180 silly addNameRange     '13.1.3',
180 silly addNameRange     '13.2.0',
180 silly addNameRange     '13.2.1',
180 silly addNameRange     '13.2.2',
180 silly addNameRange     '13.2.3',
180 silly addNameRange     '13.3.0-alpha.a44f195f',
180 silly addNameRange     '13.3.0-alpha.4eb0c908',
180 silly addNameRange     '13.2.3-alpha.ffc7404b',
180 silly addNameRange     '13.3.0-alpha.ffc7404b',
180 silly addNameRange     '13.3.0-alpha.8b48d59e',
180 silly addNameRange     '13.3.0-alpha.g8b48d59',
180 silly addNameRange     '13.4.0-alpha.d2632006',
180 silly addNameRange     '14.0.0',
180 silly addNameRange     '14.0.1',
180 silly addNameRange     '14.1.0',
180 silly addNameRange     '14.2.0-alpha.ca8bfb6e',
180 silly addNameRange     '14.2.1-alpha.e21d71a4',
180 silly addNameRange     '14.2.2-alpha.22bd3c33',
180 silly addNameRange     '14.3.0-alpha.d13c163e',
180 silly addNameRange     '14.3.1-alpha.410cb91a',
180 silly addNameRange     '14.3.2-alpha.83c25417',
180 silly addNameRange     '15.0.0',
180 silly addNameRange     '15.0.1',
180 silly addNameRange     '15.0.2',
180 silly addNameRange     '15.1.0',
180 silly addNameRange     '15.1.1',
180 silly addNameRange     '15.2.0-alpha.c681f819',
180 silly addNameRange     '16.0.0',
180 silly addNameRange     '16.0.1',
180 silly addNameRange     '16.0.2',
180 silly addNameRange     '16.1.0-alpha.691b0e22',
180 silly addNameRange     '17.0.0',
180 silly addNameRange     '17.0.1',
180 silly addNameRange     '17.0.2',
180 silly addNameRange     '17.0.3',
180 silly addNameRange     '18.0.0',
180 silly addNameRange     '18.1.0',
180 silly addNameRange     '18.5.0-alpha.7da3df39',
180 silly addNameRange     '19.0.0',
180 silly addNameRange     '19.0.1',
180 silly addNameRange     '19.0.2',
180 silly addNameRange     '19.1.0-alpha.eed82034',
180 silly addNameRange     '19.2.0-alpha.993e64af',
180 silly addNameRange     '19.3.0-alpha.85402254',
180 silly addNameRange     '20.0.0',
180 silly addNameRange     '20.0.1',
180 silly addNameRange     '20.0.2',
180 silly addNameRange     '20.0.3',
180 silly addNameRange     '20.0.4',
180 silly addNameRange     '20.1.0-alpha.1',
180 silly addNameRange     '20.1.0-alpha.2',
180 silly addNameRange     '20.1.0-alpha.3',
180 silly addNameRange     '20.1.0-beta.1',
180 silly addNameRange     '20.1.0-chi.1',
180 silly addNameRange     '20.1.0-delta.1',
180 silly addNameRange     '20.1.0-delta.2',
180 silly addNameRange     '20.1.0-delta.3',
180 silly addNameRange     '20.1.0-delta.4',
180 silly addNameRange     '20.1.0-delta.5',
180 silly addNameRange     '20.1.0-echo.1',
180 silly addNameRange     '21.0.0-alpha.1',
180 silly addNameRange     '21.0.0-alpha.2',
180 silly addNameRange     '21.0.0-beta.1',
180 silly addNameRange     '21.0.0',
180 silly addNameRange     '21.0.1',
180 silly addNameRange     '21.0.2',
180 silly addNameRange     '21.1.0',
180 silly addNameRange     '21.2.0',
180 silly addNameRange     '21.2.1',
180 silly addNameRange     '21.3.0-alpha.1e3ee68e',
180 silly addNameRange     '21.3.0-alpha.eff7a1cf',
180 silly addNameRange     '21.3.0-beta.1',
180 silly addNameRange     '21.3.0-beta.2',
180 silly addNameRange     '21.3.0-beta.3',
180 silly addNameRange     '21.3.0-beta.4',
180 silly addNameRange     '21.3.0-beta.5',
180 silly addNameRange     '21.3.0-beta.6',
180 silly addNameRange     '21.3.0-beta.7',
180 silly addNameRange     '21.3.0-beta.8',
180 silly addNameRange     '21.3.0-beta.9',
180 silly addNameRange     '21.3.0-beta.10',
180 silly addNameRange     '21.3.0-beta.11',
180 silly addNameRange     '21.3.0-beta.12',
180 silly addNameRange     '21.3.0-beta.13',
180 silly addNameRange     '21.3.0-beta.14',
180 silly addNameRange     '21.3.0-beta.15',
180 silly addNameRange     '22.0.0',
180 silly addNameRange     '22.0.1',
180 silly addNameRange     '22.0.2',
180 silly addNameRange     '22.0.3',
180 silly addNameRange     '22.0.4',
180 silly addNameRange     '22.0.5',
180 silly addNameRange     '22.0.6',
180 silly addNameRange     '22.1.0',
180 silly addNameRange     '22.1.1',
180 silly addNameRange     '22.1.2',
180 silly addNameRange     '22.1.3',
180 silly addNameRange     '22.1.4',
180 silly addNameRange     '22.2.0',
180 silly addNameRange     '22.2.1',
180 silly addNameRange     '22.2.2',
180 silly addNameRange     '22.3.0',
180 silly addNameRange     '22.4.0',
180 silly addNameRange     '22.4.1',
180 silly addNameRange     '22.4.2',
180 silly addNameRange     '23.0.0-alpha.1',
180 silly addNameRange     '22.4.3',
180 silly addNameRange     '23.0.0-alpha.2',
180 silly addNameRange     '23.0.0-alpha.4',
180 silly addNameRange     '23.0.0-alpha.5',
180 silly addNameRange     '23.0.0-alpha.5r',
180 silly addNameRange     '23.0.0-alpha.6r',
180 silly addNameRange     '23.0.0-alpha.7',
180 silly addNameRange     '23.0.0-beta.0',
180 silly addNameRange     '23.0.0-beta.1',
180 silly addNameRange     '23.0.0-beta.2',
180 silly addNameRange     '23.0.0-alpha.3r',
180 silly addNameRange     '23.0.0-beta.3r',
180 silly addNameRange     '23.0.0-charlie.0',
180 silly addNameRange     '23.0.0-charlie.1',
180 silly addNameRange     '23.0.0-charlie.2',
180 silly addNameRange     '22.4.4',
180 silly addNameRange     '23.0.0-charlie.3',
180 silly addNameRange     '23.0.0-charlie.4',
180 silly addNameRange     '23.0.0',
180 silly addNameRange     '23.0.1',
180 silly addNameRange     '23.1.0',
180 silly addNameRange     '23.2.0',
180 silly addNameRange     '23.3.0',
180 silly addNameRange     '23.4.0',
180 silly addNameRange     '23.4.1',
180 silly addNameRange     '23.4.2',
180 silly addNameRange     '23.5.0',
180 silly addNameRange     '23.6.0',
180 silly addNameRange     '24.0.0-alpha.0',
180 silly addNameRange     '24.0.0-alpha.1',
180 silly addNameRange     '24.0.0-alpha.2',
180 silly addNameRange     '24.0.0-alpha.3',
180 silly addNameRange     '24.0.0-alpha.4',
180 silly addNameRange     '24.0.0-alpha.5',
180 silly addNameRange     '24.0.0-alpha.6',
180 silly addNameRange     '24.0.0-alpha.7',
180 silly addNameRange     '24.0.0-alpha.8',
180 silly addNameRange     '24.0.0-alpha.9',
180 silly addNameRange     '24.0.0-alpha.10',
180 silly addNameRange     '24.0.0-alpha.11',
180 silly addNameRange     '24.0.0-alpha.12',
180 silly addNameRange     '24.0.0-alpha.13',
180 silly addNameRange     '24.0.0-alpha.14',
180 silly addNameRange     '24.0.0-alpha.15',
180 silly addNameRange     '24.0.0-alpha.16',
180 silly addNameRange     '24.0.0',
180 silly addNameRange     '24.1.0',
180 silly addNameRange     '24.2.0-alpha.0',
180 silly addNameRange     '24.3.0',
180 silly addNameRange     '24.3.1',
180 silly addNameRange     '24.4.0',
180 silly addNameRange     '24.5.0',
180 silly addNameRange     '24.6.0',
180 silly addNameRange     '24.7.0',
180 silly addNameRange     '24.7.1',
180 silly addNameRange     '24.8.0',
180 silly addNameRange     '24.9.0',
180 silly addNameRange     '25.0.0',
180 silly addNameRange     '25.1.0',
180 silly addNameRange     '25.2.0-alpha.86',
180 silly addNameRange     '25.2.0',
180 silly addNameRange     '25.2.1-alpha.1',
180 silly addNameRange     '25.2.1-alpha.2',
180 silly addNameRange     '25.2.1',
180 silly addNameRange     '25.2.2',
180 silly addNameRange     '25.2.3',
180 silly addNameRange     '25.2.4',
180 silly addNameRange     '25.2.6',
180 silly addNameRange     '25.2.7',
180 silly addNameRange     '25.3.0',
180 silly addNameRange     '25.4.0',
180 silly addNameRange     '25.5.0',
180 silly addNameRange     '25.5.1',
180 silly addNameRange     '25.5.2',
180 silly addNameRange     '25.5.3',
180 silly addNameRange     '25.5.4',
180 silly addNameRange     '26.0.0-alpha.0',
180 silly addNameRange     '26.0.0-alpha.1',
180 silly addNameRange     '26.0.0-alpha.2',
180 silly addNameRange     '26.0.0',
180 silly addNameRange     '26.0.1-alpha.0',
180 silly addNameRange     '26.0.1',
180 silly addNameRange     '26.1.0',
180 silly addNameRange     '26.2.0',
180 silly addNameRange     '26.2.1',
180 silly addNameRange     '26.2.2',
180 silly addNameRange     '26.3.0',
180 silly addNameRange     '26.4.0',
180 silly addNameRange     '26.4.1',
180 silly addNameRange     '26.4.2',
180 silly addNameRange     '26.5.0',
180 silly addNameRange     '26.5.2',
180 silly addNameRange     '26.5.3',
180 silly addNameRange     '26.6.0',
180 silly addNameRange     '26.6.1',
180 silly addNameRange     '26.6.2',
180 silly addNameRange     '26.6.3',
180 silly addNameRange     '27.0.0-next.0',
180 silly addNameRange     '27.0.0-next.1',
180 silly addNameRange     '27.0.0-next.2',
180 silly addNameRange     '27.0.0-next.3',
180 silly addNameRange     '27.0.0-next.4',
180 silly addNameRange     '27.0.0-next.5',
180 silly addNameRange     '27.0.0-next.6',
180 silly addNameRange     '27.0.0-next.7',
180 silly addNameRange     '27.0.0-next.8',
180 silly addNameRange     '27.0.0-next.9',
180 silly addNameRange     '27.0.0-next.10',
180 silly addNameRange     '27.0.0-next.11',
180 silly addNameRange     '27.0.0',
180 silly addNameRange     '27.0.1',
180 silly addNameRange     '27.0.2',
180 silly addNameRange     '27.0.3',
180 silly addNameRange     '27.0.4',
180 silly addNameRange     '27.0.5',
180 silly addNameRange     '27.0.6',
180 silly addNameRange     '27.1.0',
180 silly addNameRange     '27.1.1',
180 silly addNameRange     '27.2.0',
180 silly addNameRange     '27.2.1',
180 silly addNameRange     '27.2.2',
180 silly addNameRange     '27.2.3',
180 silly addNameRange     '27.2.4',
180 silly addNameRange     '27.2.5',
180 silly addNameRange     '27.3.0',
180 silly addNameRange     '27.3.1',
180 silly addNameRange     '27.4.0',
180 silly addNameRange     '27.4.1',
180 silly addNameRange     '27.4.2',
180 silly addNameRange     '27.4.3',
180 silly addNameRange     '27.4.4',
180 silly addNameRange     '27.4.5',
180 silly addNameRange     '27.4.6',
180 silly addNameRange     '27.4.7',
180 silly addNameRange     '27.5.0',
180 silly addNameRange     '27.5.1',
180 silly addNameRange     '28.0.0-alpha.0',
180 silly addNameRange     '28.0.0-alpha.1',
180 silly addNameRange     '28.0.0-alpha.2',
180 silly addNameRange     '28.0.0-alpha.3',
180 silly addNameRange     '28.0.0-alpha.4',
180 silly addNameRange     '28.0.0-alpha.5',
180 silly addNameRange     '28.0.0-alpha.6',
180 silly addNameRange     '28.0.0-alpha.7',
180 silly addNameRange     '28.0.0-alpha.8',
180 silly addNameRange     '28.0.0-alpha.9',
180 silly addNameRange     '28.0.0-alpha.10',
180 silly addNameRange     '28.0.0-alpha.11',
180 silly addNameRange     '28.0.0',
180 silly addNameRange     '28.0.1',
180 silly addNameRange     '28.0.2',
180 silly addNameRange     '28.0.3',
180 silly addNameRange     '28.1.0',
180 silly addNameRange     '28.1.1',
180 silly addNameRange     '28.1.2',
180 silly addNameRange     '28.1.3',
180 silly addNameRange     '29.0.0-alpha.0',
180 silly addNameRange     '29.0.0-alpha.1',
180 silly addNameRange     '29.0.0-alpha.3',
180 silly addNameRange     '29.0.0-alpha.4',
180 silly addNameRange     '29.0.0-alpha.5',
180 silly addNameRange     '29.0.0-alpha.6',
180 silly addNameRange     '29.0.0',
180 silly addNameRange     '29.0.1',
180 silly addNameRange     '29.0.2',
180 silly addNameRange     '29.0.3',
180 silly addNameRange     '29.1.0',
180 silly addNameRange     '29.1.1',
180 silly addNameRange     '29.1.2',
180 silly addNameRange     '29.2.0',
180 silly addNameRange     '29.2.1',
180 silly addNameRange     '29.2.2',
180 silly addNameRange     '29.3.0',
180 silly addNameRange     '29.3.1',
180 silly addNameRange     '29.4.0',
180 silly addNameRange     '29.4.1',
180 silly addNameRange     '29.4.2',
180 silly addNameRange     '29.4.3',
180 silly addNameRange     '29.5.0',
180 silly addNameRange     '29.6.0',
180 silly addNameRange     '29.6.1',
180 silly addNameRange     '29.6.2',
180 silly addNameRange     '29.6.3',
180 silly addNameRange     '29.6.4',
180 silly addNameRange     '29.7.0',
180 silly addNameRange     '30.0.0-alpha.1',
180 silly addNameRange     '30.0.0-alpha.2',
180 silly addNameRange     '30.0.0-alpha.3',
180 silly addNameRange     '30.0.0-alpha.4',
180 silly addNameRange     '30.0.0-alpha.5',
180 silly addNameRange     '30.0.0-alpha.6' ] ]
181 verbose addNamed [ 'jest', '24.9.0' ]
182 verbose addNamed [ '24.9.0', '24.9.0' ]
183 silly lockFile d38cd08b-jest-24-9-0 jest@24.9.0
184 verbose lock jest@24.9.0 /root/.npm/d38cd08b-jest-24-9-0.lock
185 silly addNameRange number 2 { name: 'eslint', range: '>=6.4.0-0 <7.0.0-0', hasData: true }
186 silly addNameRange versions [ 'eslint',
186 silly addNameRange   [ '0.0.4',
186 silly addNameRange     '0.0.5',
186 silly addNameRange     '0.0.6',
186 silly addNameRange     '0.0.7',
186 silly addNameRange     '0.1.0-dev',
186 silly addNameRange     '0.1.0',
186 silly addNameRange     '0.1.1',
186 silly addNameRange     '0.1.2',
186 silly addNameRange     '0.1.3',
186 silly addNameRange     '0.1.4',
186 silly addNameRange     '0.2.0',
186 silly addNameRange     '0.3.0',
186 silly addNameRange     '0.4.0',
186 silly addNameRange     '0.4.1',
186 silly addNameRange     '0.4.2',
186 silly addNameRange     '0.4.3',
186 silly addNameRange     '0.4.4',
186 silly addNameRange     '0.4.5',
186 silly addNameRange     '0.5.0',
186 silly addNameRange     '0.5.1',
186 silly addNameRange     '0.6.0',
186 silly addNameRange     '0.6.1',
186 silly addNameRange     '0.6.2',
186 silly addNameRange     '0.7.1',
186 silly addNameRange     '0.7.2',
186 silly addNameRange     '0.7.3',
186 silly addNameRange     '0.7.4',
186 silly addNameRange     '0.8.0',
186 silly addNameRange     '0.8.1',
186 silly addNameRange     '0.8.2',
186 silly addNameRange     '0.9.0',
186 silly addNameRange     '0.9.1',
186 silly addNameRange     '0.9.2',
186 silly addNameRange     '0.10.0-alpha',
186 silly addNameRange     '0.10.0-alpha.1',
186 silly addNameRange     '0.10.0-alpha.2',
186 silly addNameRange     '0.10.0',
186 silly addNameRange     '0.11.0-alpha.0',
186 silly addNameRange     '0.10.1',
186 silly addNameRange     '0.10.2',
186 silly addNameRange     '0.11.0',
186 silly addNameRange     '0.12.0',
186 silly addNameRange     '0.13.0',
186 silly addNameRange     '0.14.0',
186 silly addNameRange     '0.14.1',
186 silly addNameRange     '0.15.0',
186 silly addNameRange     '0.15.1',
186 silly addNameRange     '0.16.0',
186 silly addNameRange     '0.16.1',
186 silly addNameRange     '0.16.2',
186 silly addNameRange     '0.17.0',
186 silly addNameRange     '0.17.1',
186 silly addNameRange     '0.18.0',
186 silly addNameRange     '0.19.0',
186 silly addNameRange     '0.20.0',
186 silly addNameRange     '0.21.0',
186 silly addNameRange     '0.21.1',
186 silly addNameRange     '0.21.2',
186 silly addNameRange     '0.22.0',
186 silly addNameRange     '0.22.1',
186 silly addNameRange     '0.23.0',
186 silly addNameRange     '0.24.0',
186 silly addNameRange     '0.24.1',
186 silly addNameRange     '1.0.0-rc-1',
186 silly addNameRange     '1.0.0-rc-2',
186 silly addNameRange     '1.0.0-rc-3',
186 silly addNameRange     '1.0.0',
186 silly addNameRange     '1.1.0',
186 silly addNameRange     '1.2.0',
186 silly addNameRange     '1.2.1',
186 silly addNameRange     '1.3.0',
186 silly addNameRange     '1.3.1',
186 silly addNameRange     '1.4.0',
186 silly addNameRange     '1.4.1',
186 silly addNameRange     '1.4.2',
186 silly addNameRange     '1.4.3',
186 silly addNameRange     '1.5.0',
186 silly addNameRange     '1.5.1',
186 silly addNameRange     '1.6.0',
186 silly addNameRange     '1.7.0',
186 silly addNameRange     '1.7.1',
186 silly addNameRange     '1.7.2',
186 silly addNameRange     '1.7.3',
186 silly addNameRange     '1.8.0',
186 silly addNameRange     '1.9.0',
186 silly addNameRange     '1.10.0',
186 silly addNameRange     '1.10.1',
186 silly addNameRange     '1.10.2',
186 silly addNameRange     '1.10.3',
186 silly addNameRange     '2.0.0-alpha-1',
186 silly addNameRange     '2.0.0-alpha-2',
186 silly addNameRange     '2.0.0-beta.1',
186 silly addNameRange     '2.0.0-beta.2',
186 silly addNameRange     '2.0.0-beta.3',
186 silly addNameRange     '2.0.0-rc.0',
186 silly addNameRange     '2.0.0-rc.1',
186 silly addNameRange     '2.0.0',
186 silly addNameRange     '2.1.0',
186 silly addNameRange     '2.2.0',
186 silly addNameRange     '2.3.0',
186 silly addNameRange     '2.4.0',
186 silly addNameRange     '2.5.0',
186 silly addNameRange     '2.5.1',
186 silly addNameRange     '2.5.2',
186 silly addNameRange     '2.5.3',
186 silly addNameRange     '2.6.0',
186 silly addNameRange     '2.7.0',
186 silly addNameRange     '2.8.0',
186 silly addNameRange     '2.9.0',
186 silly addNameRange     '2.10.0',
186 silly addNameRange     '2.10.1',
186 silly addNameRange     '2.10.2',
186 silly addNameRange     '2.11.0',
186 silly addNameRange     '2.11.1',
186 silly addNameRange     '2.12.0',
186 silly addNameRange     '2.13.0',
186 silly addNameRange     '2.13.1',
186 silly addNameRange     '3.0.0',
186 silly addNameRange     '3.0.1',
186 silly addNameRange     '3.1.0',
186 silly addNameRange     '3.1.1',
186 silly addNameRange     '3.2.0',
186 silly addNameRange     '3.2.1',
186 silly addNameRange     '3.2.2',
186 silly addNameRange     '3.3.0',
186 silly addNameRange     '3.3.1',
186 silly addNameRange     '3.4.0',
186 silly addNameRange     '3.5.0',
186 silly addNameRange     '3.6.0',
186 silly addNameRange     '3.6.1',
186 silly addNameRange     '3.7.0',
186 silly addNameRange     '3.7.1',
186 silly addNameRange     '3.8.0',
186 silly addNameRange     '3.8.1',
186 silly addNameRange     '3.9.0',
186 silly addNameRange     '3.9.1',
186 silly addNameRange     '3.10.0',
186 silly addNameRange     '3.10.1',
186 silly addNameRange     '3.10.2',
186 silly addNameRange     '3.11.0',
186 silly addNameRange     '3.11.1',
186 silly addNameRange     '3.12.0',
186 silly addNameRange     '3.12.1',
186 silly addNameRange     '3.12.2',
186 silly addNameRange     '3.13.0',
186 silly addNameRange     '3.13.1',
186 silly addNameRange     '3.14.0',
186 silly addNameRange     '3.14.1',
186 silly addNameRange     '3.15.0',
186 silly addNameRange     '3.16.0',
186 silly addNameRange     '3.16.1',
186 silly addNameRange     '3.17.0',
186 silly addNameRange     '3.17.1',
186 silly addNameRange     '3.18.0',
186 silly addNameRange     '3.19.0',
186 silly addNameRange     '4.0.0-alpha.0',
186 silly addNameRange     '4.0.0-alpha.1',
186 silly addNameRange     '4.0.0-alpha.2',
186 silly addNameRange     '4.0.0-beta.0',
186 silly addNameRange     '4.0.0-rc.0',
186 silly addNameRange     '4.0.0',
186 silly addNameRange     '4.1.0',
186 silly addNameRange     '4.1.1',
186 silly addNameRange     '4.2.0',
186 silly addNameRange     '4.3.0',
186 silly addNameRange     '4.4.0',
186 silly addNameRange     '4.4.1',
186 silly addNameRange     '4.5.0',
186 silly addNameRange     '4.6.0',
186 silly addNameRange     '4.6.1',
186 silly addNameRange     '4.7.0',
186 silly addNameRange     '4.7.1',
186 silly addNameRange     '4.7.2',
186 silly addNameRange     '4.8.0',
186 silly addNameRange     '4.9.0',
186 silly addNameRange     '4.10.0',
186 silly addNameRange     '4.11.0',
186 silly addNameRange     '4.12.0',
186 silly addNameRange     '4.12.1',
186 silly addNameRange     '4.13.0',
186 silly addNameRange     '4.13.1',
186 silly addNameRange     '4.14.0',
186 silly addNameRange     '4.15.0',
186 silly addNameRange     '4.16.0',
186 silly addNameRange     '4.17.0',
186 silly addNameRange     '4.18.0',
186 silly addNameRange     '4.18.1',
186 silly addNameRange     '4.18.2',
186 silly addNameRange     '4.19.0',
186 silly addNameRange     '4.19.1',
186 silly addNameRange     '5.0.0-alpha.0',
186 silly addNameRange     '5.0.0-alpha.1',
186 silly addNameRange     '5.0.0-alpha.2',
186 silly addNameRange     '5.0.0-alpha.3',
186 silly addNameRange     '5.0.0-alpha.4',
186 silly addNameRange     '5.0.0-rc.0',
186 silly addNameRange     '5.0.0',
186 silly addNameRange     '5.0.1',
186 silly addNameRange     '5.1.0',
186 silly addNameRange     '5.2.0',
186 silly addNameRange     '5.3.0',
186 silly addNameRange     '5.4.0',
186 silly addNameRange     '5.5.0',
186 silly addNameRange     '5.6.0',
186 silly addNameRange     '5.6.1',
186 silly addNameRange     '5.7.0',
186 silly addNameRange     '5.8.0',
186 silly addNameRange     '5.9.0',
186 silly addNameRange     '5.10.0',
186 silly addNameRange     '5.11.0',
186 silly addNameRange     '5.11.1',
186 silly addNameRange     '5.12.0',
186 silly addNameRange     '5.12.1',
186 silly addNameRange     '5.13.0',
186 silly addNameRange     '5.14.0',
186 silly addNameRange     '5.14.1',
186 silly addNameRange     '5.15.0',
186 silly addNameRange     '5.15.1',
186 silly addNameRange     '5.15.2',
186 silly addNameRange     '5.15.3',
186 silly addNameRange     '5.16.0',
186 silly addNameRange     '6.0.0-alpha.0',
186 silly addNameRange     '6.0.0-alpha.1',
186 silly addNameRange     '6.0.0-alpha.2',
186 silly addNameRange     '6.0.0-rc.0',
186 silly addNameRange     '6.0.0',
186 silly addNameRange     '6.0.1',
186 silly addNameRange     '6.1.0',
186 silly addNameRange     '6.2.0',
186 silly addNameRange     '6.2.1',
186 silly addNameRange     '6.2.2',
186 silly addNameRange     '6.3.0',
186 silly addNameRange     '6.4.0',
186 silly addNameRange     '6.5.0',
186 silly addNameRange     '6.5.1',
186 silly addNameRange     '6.6.0',
186 silly addNameRange     '6.7.0',
186 silly addNameRange     '6.7.1',
186 silly addNameRange     '6.7.2',
186 silly addNameRange     '6.8.0',
186 silly addNameRange     '7.0.0-alpha.0',
186 silly addNameRange     '7.0.0-alpha.1',
186 silly addNameRange     '7.0.0-alpha.2',
186 silly addNameRange     '7.0.0-alpha.3',
186 silly addNameRange     '7.0.0-rc.0',
186 silly addNameRange     '7.0.0',
186 silly addNameRange     '7.1.0',
186 silly addNameRange     '7.2.0',
186 silly addNameRange     '7.3.0',
186 silly addNameRange     '7.3.1',
186 silly addNameRange     '7.4.0',
186 silly addNameRange     '7.5.0',
186 silly addNameRange     '7.6.0',
186 silly addNameRange     '7.7.0',
186 silly addNameRange     '7.8.0',
186 silly addNameRange     '7.8.1',
186 silly addNameRange     '7.9.0',
186 silly addNameRange     '7.10.0',
186 silly addNameRange     '7.11.0',
186 silly addNameRange     '7.12.0',
186 silly addNameRange     '7.12.1',
186 silly addNameRange     '7.13.0',
186 silly addNameRange     '7.14.0',
186 silly addNameRange     '7.15.0',
186 silly addNameRange     '7.16.0',
186 silly addNameRange     '7.17.0',
186 silly addNameRange     '7.18.0',
186 silly addNameRange     '7.19.0',
186 silly addNameRange     '7.20.0',
186 silly addNameRange     '7.21.0',
186 silly addNameRange     '7.22.0',
186 silly addNameRange     '7.23.0',
186 silly addNameRange     '7.24.0',
186 silly addNameRange     '7.25.0',
186 silly addNameRange     '7.26.0',
186 silly addNameRange     '7.27.0',
186 silly addNameRange     '7.28.0',
186 silly addNameRange     '7.29.0',
186 silly addNameRange     '7.30.0',
186 silly addNameRange     '7.31.0',
186 silly addNameRange     '7.32.0',
186 silly addNameRange     '8.0.0-beta.0',
186 silly addNameRange     '8.0.0-beta.1',
186 silly addNameRange     '8.0.0-beta.2',
186 silly addNameRange     '8.0.0-rc.0',
186 silly addNameRange     '8.0.0',
186 silly addNameRange     '8.0.1',
186 silly addNameRange     '8.1.0',
186 silly addNameRange     '8.2.0',
186 silly addNameRange     '8.3.0',
186 silly addNameRange     '8.4.0',
186 silly addNameRange     '8.4.1',
186 silly addNameRange     '8.5.0',
186 silly addNameRange     '8.6.0',
186 silly addNameRange     '8.7.0',
186 silly addNameRange     '8.8.0',
186 silly addNameRange     '8.9.0',
186 silly addNameRange     '8.10.0',
186 silly addNameRange     '8.11.0',
186 silly addNameRange     '8.12.0',
186 silly addNameRange     '8.13.0',
186 silly addNameRange     '8.14.0',
186 silly addNameRange     '8.15.0',
186 silly addNameRange     '8.16.0',
186 silly addNameRange     '8.17.0',
186 silly addNameRange     '8.18.0',
186 silly addNameRange     '8.19.0',
186 silly addNameRange     '8.20.0',
186 silly addNameRange     '8.21.0',
186 silly addNameRange     '8.22.0',
186 silly addNameRange     '8.23.0',
186 silly addNameRange     '8.23.1',
186 silly addNameRange     '8.24.0',
186 silly addNameRange     '8.25.0',
186 silly addNameRange     '8.26.0',
186 silly addNameRange     '8.27.0',
186 silly addNameRange     '8.28.0',
186 silly addNameRange     '8.29.0',
186 silly addNameRange     '8.30.0',
186 silly addNameRange     '8.31.0',
186 silly addNameRange     '8.32.0',
186 silly addNameRange     '8.33.0',
186 silly addNameRange     '8.34.0',
186 silly addNameRange     '8.35.0',
186 silly addNameRange     '8.36.0',
186 silly addNameRange     '8.37.0',
186 silly addNameRange     '8.38.0',
186 silly addNameRange     '8.39.0',
186 silly addNameRange     '8.40.0',
186 silly addNameRange     '8.41.0',
186 silly addNameRange     '8.42.0',
186 silly addNameRange     '8.43.0',
186 silly addNameRange     '8.44.0',
186 silly addNameRange     '8.45.0',
186 silly addNameRange     '8.46.0',
186 silly addNameRange     '8.47.0',
186 silly addNameRange     '8.48.0',
186 silly addNameRange     '8.49.0',
186 silly addNameRange     '8.50.0',
186 silly addNameRange     '8.51.0',
186 silly addNameRange     '8.52.0',
186 silly addNameRange     '8.53.0',
186 silly addNameRange     '8.54.0',
186 silly addNameRange     '8.55.0',
186 silly addNameRange     '8.56.0',
186 silly addNameRange     '9.0.0-alpha.0',
186 silly addNameRange     '9.0.0-alpha.1',
186 silly addNameRange     '9.0.0-alpha.2',
186 silly addNameRange     '9.0.0-beta.0',
186 silly addNameRange     '8.57.0',
186 silly addNameRange     '9.0.0-beta.1',
186 silly addNameRange     '9.0.0-beta.2',
186 silly addNameRange     '9.0.0-rc.0',
186 silly addNameRange     '9.0.0',
186 silly addNameRange     '9.1.0',
186 silly addNameRange     '9.1.1',
186 silly addNameRange     '9.2.0',
186 silly addNameRange     '9.3.0',
186 silly addNameRange     '9.4.0',
186 silly addNameRange     '9.5.0',
186 silly addNameRange     '9.6.0',
186 silly addNameRange     '9.7.0',
186 silly addNameRange     '9.8.0',
186 silly addNameRange     '9.9.0',
186 silly addNameRange     '9.9.1',
186 silly addNameRange     '9.10.0',
186 silly addNameRange     '8.57.1',
186 silly addNameRange     '9.11.0',
186 silly addNameRange     '9.11.1',
186 silly addNameRange     '9.12.0' ] ]
187 verbose addNamed [ 'eslint', '6.8.0' ]
188 verbose addNamed [ '6.8.0', '6.8.0' ]
189 silly lockFile 4f7f295c-eslint-6-8-0 eslint@6.8.0
190 verbose lock eslint@6.8.0 /root/.npm/4f7f295c-eslint-6-8-0.lock
191 silly addNameRange number 2 { name: 'babel/core',
191 silly addNameRange   range: '>=7.6.0-0 <8.0.0-0',
191 silly addNameRange   hasData: true }
192 silly addNameRange versions [ undefined, [] ]
193 error TypeError: Cannot read property 'latest' of undefined
193 error     at next (/usr/share/npm/lib/cache.js:687:35)
193 error     at /usr/share/npm/lib/cache.js:675:5
193 error     at saved (/usr/share/npm/node_modules/npm-registry-client/lib/get.js:142:7)
193 error     at /usr/lib/nodejs/graceful-fs/polyfills.js:133:7
193 error     at Object.oncomplete (fs.js:107:15)
194 error If you need help, you may report this log at:
194 error     <http://github.com/isaacs/npm/issues>
194 error or email it to:
194 error     <npm-@googlegroups.com>
195 error System Linux 5.3.0-1032-aws
196 error command "/usr/bin/nodejs" "/usr/bin/npm" "install"
197 error cwd /root/alx-backend-javascript/0x00-ES6_basic
198 error node -v v0.10.25
199 error npm -v 1.3.10
200 error type non_object_property_load
201 verbose exit [ 1, true ]
